   Compiling libc v0.2.186
   Compiling unicode-ident v1.0.24
   Compiling proc-macro2 v1.0.106
   Compiling quote v1.0.45
   Compiling cfg-if v1.0.4
   Compiling once_cell v1.21.4
   Compiling equivalent v1.0.2
   Compiling autocfg v1.5.1
   Compiling allocator-api2 v0.2.21
   Compiling serde_core v1.0.228
   Compiling fnv v1.0.7
   Compiling getrandom v0.3.4
   Compiling getrandom v0.4.2
   Compiling rand_core v0.10.1
   Compiling foldhash v0.2.0
   Compiling smallvec v1.15.2
   Compiling zerocopy v0.8.52
   Compiling rustix v1.1.4
   Compiling libm v0.2.16
   Compiling cranelift-srcgen v0.131.2
   Compiling find-msvc-tools v0.1.9
   Compiling shlex v2.0.1
   Compiling bitflags v2.13.0
   Compiling wasmtime-internal-core v44.0.2
   Compiling regex-syntax v0.8.11
   Compiling cranelift-assembler-x64-meta v0.131.2
   Compiling serde v1.0.228
   Compiling stable_deref_trait v1.2.1
   Compiling hashbrown v0.17.1
   Compiling fastrand v2.4.1
   Compiling num-traits v0.2.19
   Compiling heck v0.5.0
   Compiling hashbrown v0.16.1
   Compiling bit-vec v0.8.0
   Compiling cranelift-isle v0.131.2
   Compiling bit-set v0.8.0
   Compiling log v0.4.32
   Compiling pkg-config v0.3.33
   Compiling cranelift-codegen-shared v0.131.2
   Compiling memchr v2.8.2
   Compiling crossbeam-utils v0.8.21
   Compiling indexmap v2.14.0
   Compiling target-lexicon v0.13.5
   Compiling bumpalo v3.20.3
   Compiling arbitrary v1.4.2
   Compiling rustc-hash v2.1.2
   Compiling zmij v1.0.21
   Compiling itoa v1.0.18
   Compiling cranelift-codegen-meta v0.131.2
   Compiling parking_lot_core v0.9.12
   Compiling gimli v0.33.0
   Compiling cranelift-assembler-x64 v0.131.2
   Compiling cranelift-control v0.131.2
   Compiling syn v2.0.117
   Compiling regalloc2 v0.15.1
   Compiling litemap v0.8.2
   Compiling scopeguard v1.2.0
   Compiling writeable v0.6.3
   Compiling serde_json v1.0.150
   Compiling errno v0.3.14
   Compiling jobserver v0.1.34
   Compiling zstd-safe v7.2.4
   Compiling cc v1.2.64
   Compiling lock_api v0.4.14
   Compiling cranelift-bitset v0.131.2
   Compiling anyhow v1.0.102
   Compiling cranelift-entity v0.131.2
   Compiling cranelift-bforest v0.131.2
   Compiling icu_normalizer_data v2.2.0
   Compiling utf8_iter v1.0.4
   Compiling icu_properties_data v2.2.0
   Compiling bytes v1.11.1
   Compiling camino v1.2.2
   Compiling crc32fast v1.5.0
   Compiling ref-cast v1.0.25
   Compiling version_check v0.9.5
   Compiling zstd-sys v2.0.16+zstd.1.5.7
   Compiling ahash v0.8.12
   Compiling num-integer v0.1.46
   Compiling tempfile v3.27.0
   Compiling num-bigint v0.4.6
   Compiling mach2 v0.4.3
   Compiling aho-corasick v1.1.4
   Compiling chacha20 v0.10.0
   Compiling bitflags v1.3.2
   Compiling pin-project-lite v0.2.17
   Compiling thiserror v2.0.18
   Compiling simd-adler32 v0.3.9
   Compiling adler2 v2.0.1
   Compiling miniz_oxide v0.8.9
   Compiling region v3.0.2
   Compiling rand v0.10.2
   Compiling crossbeam-epoch v0.9.18
   Compiling num-rational v0.4.2
   Compiling regex-automata v0.4.14
   Compiling cranelift-codegen v0.131.2
   Compiling num-iter v0.1.45
   Compiling num-complex v0.4.6
   Compiling synstructure v0.13.2
   Compiling blake3 v1.8.5
   Compiling wasmtime-internal-jit-icache-coherence v44.0.2
   Compiling socket2 v0.6.4
   Compiling mio v1.2.1
   Compiling hashbrown v0.14.5
   Compiling ecow v0.2.6
   Compiling borrow-or-share v0.2.4
   Compiling unicode-general-category v1.1.0
   Compiling foldhash v0.1.5
   Compiling hashbrown v0.15.5
   Compiling num v0.4.3
   Compiling crossbeam-deque v0.8.6
   Compiling zerofrom-derive v0.1.7
   Compiling yoke-derive v0.8.2
   Compiling serde_derive v1.0.228
   Compiling zerovec-derive v0.11.3
   Compiling displaydoc v0.2.6
   Compiling ref-cast-impl v1.0.25
   Compiling thiserror-impl v2.0.18
   Compiling tokio-macros v2.7.0
   Compiling zerofrom v0.1.8
   Compiling dashmap v6.2.1
   Compiling parking_lot v0.12.5
   Compiling tokio v1.52.3
   Compiling crossbeam-channel v0.5.15
   Compiling crossbeam-queue v0.3.12
   Compiling num_cpus v1.17.0
   Compiling md5 v0.8.0
   Compiling web-time v1.1.0
   Compiling unicode-segmentation v1.13.3
   Compiling data-encoding v2.11.0
   Compiling flate2 v1.1.9
   Compiling outref v0.5.2
   Compiling arrayref v0.3.9
   Compiling base64 v0.22.1
   Compiling arrayvec v0.7.7
   Compiling vsimd v0.8.0
   Compiling lazy_static v1.5.0
   Compiling percent-encoding v2.3.2
   Compiling micromap v0.3.0
   Compiling core-foundation-sys v0.8.7
   Compiling constant_time_eq v0.4.2
   Compiling iana-time-zone v0.1.65
   Compiling gleam-types v0.4.3
   Compiling fraction v0.15.4
   Compiling lru v0.12.5
   Compiling tracing-attributes v0.1.31
   Compiling uuid-simd v0.8.0
   Compiling tracing-core v0.1.36
   Compiling num-cmp v0.1.0
   Compiling bytecount v0.6.9
   Compiling chrono v0.4.45
   Compiling async-trait v0.1.89
   Compiling uuid v1.23.3
   Compiling liminal-protocol v0.3.1 (/Users/annabel/Developer/ablative/stack/liminal/.worktrees/teardown-fix/crates/liminal-protocol)
   Compiling typenum v1.20.1
   Compiling const-oid v0.10.2
   Compiling httparse v1.10.1
   Compiling cpufeatures v0.3.0
   Compiling http v1.4.2
   Compiling futures-core v0.3.32
   Compiling spin v0.9.8
   Compiling utf8parse v0.2.2
   Compiling tracing v0.1.44
   Compiling anstyle-parse v1.0.0
   Compiling anstyle v1.0.14
   Compiling regex v1.12.4
   Compiling fancy-regex v0.18.0
   Compiling hybrid-array v0.4.13
   Compiling is_terminal_polyfill v1.70.2
   Compiling yoke v0.8.3
   Compiling anstyle-query v1.1.5
   Compiling colorchoice v1.0.5
   Compiling anstream v1.0.0
   Compiling strsim v0.11.1
   Compiling block-buffer v0.12.1
   Compiling crypto-common v0.2.2
   Compiling signal-hook v0.3.18
   Compiling clap_lex v1.1.0
   Compiling toml_write v0.1.2
   Compiling winnow v0.7.15
   Compiling clap_builder v4.6.0
   Compiling clap_derive v4.6.1
   Compiling signal-hook-registry v1.4.8
   Compiling rand_core v0.9.5
   Compiling winnow v1.0.4
   Compiling target-triple v1.0.1
   Compiling toml_datetime v1.1.1+spec-1.1.0
   Compiling serde_spanned v1.1.1
   Compiling toml_writer v1.1.2+spec-1.1.0
   Compiling digest v0.11.3
   Compiling toml_parser v1.1.2+spec-1.1.0
   Compiling ppv-lite86 v0.2.21
   Compiling sha1 v0.11.0
   Compiling wait-timeout v0.2.1
   Compiling quick-error v1.2.3
   Compiling glob v0.3.3
   Compiling tungstenite v0.30.0
   Compiling termcolor v1.4.1
   Compiling rusty-fork v0.3.1
   Compiling rand_chacha v0.9.0
   Compiling toml v1.1.3+spec-1.1.0
   Compiling rand v0.9.5
   Compiling rand_xorshift v0.4.0
   Compiling unarray v0.1.4
   Compiling wasm-bindgen-shared v0.2.125
   Compiling rustversion v1.0.22
   Compiling proptest v1.11.0
   Compiling zerovec v0.11.6
   Compiling zerotrie v0.2.4
   Compiling fluent-uri v0.4.1
   Compiling email_address v0.2.9
   Compiling serde_spanned v0.6.9
   Compiling toml_datetime v0.6.11
   Compiling toml_edit v0.22.27
   Compiling referencing v0.46.5
   Compiling clap v4.6.1
   Compiling trybuild v1.0.118
   Compiling wasm-bindgen-macro-support v0.2.125
   Compiling wasm-bindgen v0.2.125
   Compiling tinystr v0.8.3
   Compiling potential_utf v0.1.5
   Compiling icu_collections v2.2.0
   Compiling icu_locale_core v2.2.0
   Compiling zstd v0.13.3
   Compiling beamr v0.16.0
   Compiling toml v0.8.23
   Compiling icu_provider v2.2.0
   Compiling icu_properties v2.2.0
   Compiling icu_normalizer v2.2.0
   Compiling idna_adapter v1.2.2
   Compiling idna v1.1.0
   Compiling jsonschema v0.46.5
   Compiling wasm-bindgen-macro v0.2.125
   Compiling liminal-ts-wasm v0.3.0 (/Users/annabel/Developer/ablative/stack/liminal/.worktrees/teardown-fix/sdks/liminal-ts/wasm-src)
   Compiling cranelift-module v0.131.2
   Compiling cranelift-native v0.131.2
   Compiling cranelift-frontend v0.131.2
   Compiling cranelift-jit v0.131.2
   Compiling haematite v0.6.2
   Compiling liminal-rs v0.3.2 (/Users/annabel/Developer/ablative/stack/liminal/.worktrees/teardown-fix/crates/liminal)
   Compiling liminal-sdk v0.3.2 (/Users/annabel/Developer/ablative/stack/liminal/.worktrees/teardown-fix/crates/liminal-sdk)
   Compiling liminal-server v0.3.2 (/Users/annabel/Developer/ablative/stack/liminal/.worktrees/teardown-fix/crates/liminal-server)
    Finished `dev` profile [unoptimized + debuginfo] target(s) in 1m 43s
