   Compiling unicode-ident v1.0.24
   Compiling proc-macro2 v1.0.106
   Compiling quote v1.0.45
   Compiling syn v2.0.117
   Compiling synstructure v0.13.2
   Compiling zerofrom-derive v0.1.7
   Compiling yoke-derive v0.8.2
   Compiling serde_derive v1.0.228
   Compiling zerovec-derive v0.11.3
   Compiling displaydoc v0.2.6
   Compiling ref-cast-impl v1.0.25
   Compiling tokio-macros v2.7.0
   Compiling thiserror-impl v2.0.18
   Compiling tracing-attributes v0.1.31
   Compiling async-trait v0.1.89
   Compiling clap_derive v4.6.1
   Compiling ref-cast v1.0.25
   Compiling tokio v1.52.3
   Compiling zerofrom v0.1.8
   Compiling tracing v0.1.44
   Compiling thiserror v2.0.18
   Compiling clap v4.6.1
   Compiling yoke v0.8.3
   Compiling tungstenite v0.30.0
   Compiling serde v1.0.228
   Compiling zerovec v0.11.6
   Compiling zerotrie v0.2.4
   Compiling fluent-uri v0.4.1
   Compiling ahash v0.8.12
   Compiling email_address v0.2.9
   Compiling serde_spanned v0.6.9
   Compiling toml_datetime v0.6.11
   Compiling trybuild v1.0.118
   Compiling toml_edit v0.22.27
   Compiling referencing v0.46.5
   Compiling tinystr v0.8.3
   Compiling potential_utf v0.1.5
   Compiling icu_collections v2.2.0
   Compiling icu_locale_core v2.2.0
   Compiling beamr v0.16.0
   Compiling icu_provider v2.2.0
   Compiling icu_properties v2.2.0
   Compiling icu_normalizer v2.2.0
   Compiling toml v0.8.23
   Compiling idna_adapter v1.2.2
   Compiling idna v1.1.0
   Compiling jsonschema v0.46.5
   Compiling haematite v0.6.2
   Compiling liminal-rs v0.3.2 (/Users/annabel/Developer/ablative/stack/liminal/.worktrees/teardown-fix/crates/liminal)
   Compiling liminal-server v0.3.2 (/Users/annabel/Developer/ablative/stack/liminal/.worktrees/teardown-fix/crates/liminal-server)
   Compiling liminal-sdk v0.3.2 (/Users/annabel/Developer/ablative/stack/liminal/.worktrees/teardown-fix/crates/liminal-sdk)
    Finished `test` profile [unoptimized + debuginfo] target(s) in 59.75s
  Executable tests/teardown_delivery_e2e.rs (target/debug/deps/teardown_delivery_e2e-0e60f611e1739a02)
