    Checking cfg-if v1.0.4
    Checking once_cell v1.21.4
    Checking equivalent v1.0.2
    Checking allocator-api2 v0.2.21
    Checking rand_core v0.10.1
    Checking fnv v1.0.7
    Checking smallvec v1.15.2
    Checking libc v0.2.186
    Checking foldhash v0.2.0
    Checking serde_core v1.0.228
    Checking zerocopy v0.8.52
    Checking bitflags v2.13.0
    Checking num-traits v0.2.19
    Checking stable_deref_trait v1.2.1
    Checking regex-syntax v0.8.11
    Checking zerofrom v0.1.8
    Checking libm v0.2.16
    Checking fastrand v2.4.1
    Checking hashbrown v0.17.1
    Checking bit-vec v0.8.0
    Checking log v0.4.32
   Compiling cranelift-codegen-shared v0.131.2
    Checking memchr v2.8.2
    Checking yoke v0.8.3
    Checking rustc-hash v2.1.2
    Checking itoa v1.0.18
    Checking arbitrary v1.4.2
   Compiling cranelift-codegen-meta v0.131.2
    Checking hashbrown v0.16.1
    Checking bumpalo v3.20.3
    Checking cranelift-assembler-x64 v0.131.2
    Checking crossbeam-utils v0.8.21
    Checking target-lexicon v0.13.5
    Checking zerovec v0.11.6
    Checking bit-set v0.8.0
    Checking writeable v0.6.3
    Checking scopeguard v1.2.0
    Checking litemap v0.8.2
    Checking lock_api v0.4.14
    Checking zerotrie v0.2.4
    Checking zmij v1.0.21
    Checking utf8_iter v1.0.4
    Checking bytes v1.11.1
    Checking icu_properties_data v2.2.0
    Checking anyhow v1.0.102
    Checking icu_normalizer_data v2.2.0
    Checking aho-corasick v1.1.4
    Checking chacha20 v0.10.0
    Checking simd-adler32 v0.3.9
    Checking adler2 v2.0.1
    Checking pin-project-lite v0.2.17
    Checking getrandom v0.3.4
    Checking errno v0.3.14
    Checking getrandom v0.4.2
    Checking parking_lot_core v0.9.12
    Checking rustix v1.1.4
   Compiling jobserver v0.1.34
    Checking indexmap v2.14.0
    Checking regalloc2 v0.15.1
    Checking mach2 v0.4.3
    Checking num-integer v0.1.46
    Checking tinystr v0.8.3
    Checking potential_utf v0.1.5
    Checking icu_collections v2.2.0
   Compiling cc v1.2.64
    Checking icu_locale_core v2.2.0
    Checking num-bigint v0.4.6
    Checking bitflags v1.3.2
    Checking cranelift-control v0.131.2
    Checking num-iter v0.1.45
    Checking num-complex v0.4.6
    Checking rand v0.10.2
    Checking miniz_oxide v0.8.9
    Checking region v3.0.2
    Checking socket2 v0.6.4
    Checking mio v1.2.1
    Checking thiserror v2.0.18
    Checking wasmtime-internal-core v44.0.2
    Checking ref-cast v1.0.25
    Checking crossbeam-epoch v0.9.18
    Checking camino v1.2.2
    Checking crc32fast v1.5.0
    Checking gimli v0.33.0
    Checking ecow v0.2.6
    Checking foldhash v0.1.5
    Checking hashbrown v0.14.5
    Checking borrow-or-share v0.2.4
    Checking cranelift-bitset v0.131.2
    Checking wasmtime-internal-jit-icache-coherence v44.0.2
    Checking hashbrown v0.15.5
    Checking tokio v1.52.3
    Checking flate2 v1.1.9
    Checking gleam-types v0.4.3
    Checking cranelift-entity v0.131.2
    Checking crossbeam-deque v0.8.6
    Checking parking_lot v0.12.5
    Checking num_cpus v1.17.0
    Checking cranelift-bforest v0.131.2
    Checking crossbeam-queue v0.3.12
    Checking icu_provider v2.2.0
    Checking crossbeam-channel v0.5.15
    Checking base64 v0.22.1
    Checking arrayvec v0.7.7
    Checking arrayref v0.3.9
    Checking icu_properties v2.2.0
    Checking icu_normalizer v2.2.0
    Checking micromap v0.3.0
    Checking web-time v1.1.0
    Checking unicode-segmentation v1.13.3
    Checking lazy_static v1.5.0
    Checking md5 v0.8.0
    Checking vsimd v0.8.0
    Checking constant_time_eq v0.4.2
    Checking outref v0.5.2
    Checking data-encoding v2.11.0
    Checking dashmap v6.2.1
    Checking percent-encoding v2.3.2
    Checking core-foundation-sys v0.8.7
    Checking lru v0.12.5
    Checking iana-time-zone v0.1.65
    Checking unicode-general-category v1.1.0
    Checking tracing-core v0.1.36
    Checking num-cmp v0.1.0
    Checking bytecount v0.6.9
    Checking uuid-simd v0.8.0
    Checking chrono v0.4.45
    Checking uuid v1.23.3
    Checking liminal-protocol v0.3.1 (/Users/annabel/Developer/ablative/stack/liminal/.worktrees/teardown-fix/crates/liminal-protocol)
   Compiling zstd-sys v2.0.16+zstd.1.5.7
    Checking num-rational v0.4.2
   Compiling blake3 v1.8.5
    Checking tracing v0.1.44
    Checking typenum v1.20.1
    Checking num v0.4.3
    Checking const-oid v0.10.2
    Checking regex-automata v0.4.14
    Checking fraction v0.15.4
    Checking cpufeatures v0.3.0
    Checking tempfile v3.27.0
    Checking httparse v1.10.1
    Checking http v1.4.2
    Checking spin v0.9.8
    Checking futures-core v0.3.32
    Checking utf8parse v0.2.2
   Compiling cranelift-codegen v0.131.2
    Checking is_terminal_polyfill v1.70.2
    Checking anstyle-parse v1.0.0
    Checking anstyle-query v1.1.5
    Checking colorchoice v1.0.5
    Checking anstyle v1.0.14
    Checking clap_lex v1.1.0
    Checking strsim v0.11.1
    Checking serde v1.0.228
    Checking serde_json v1.0.150
    Checking anstream v1.0.0
    Checking winnow v0.7.15
    Checking toml_write v0.1.2
    Checking signal-hook-registry v1.4.8
    Checking clap_builder v4.6.0
    Checking winnow v1.0.4
    Checking idna_adapter v1.2.2
    Checking idna v1.1.0
    Checking signal-hook v0.3.18
    Checking toml_parser v1.1.2+spec-1.1.0
    Checking serde_spanned v1.1.1
    Checking toml_datetime v1.1.1+spec-1.1.0
    Checking rand_core v0.9.5
    Checking fluent-uri v0.4.1
    Checking email_address v0.2.9
    Checking serde_spanned v0.6.9
    Checking toml_datetime v0.6.11
    Checking toml_writer v1.1.2+spec-1.1.0
    Checking hybrid-array v0.4.13
    Checking target-triple v1.0.1
    Checking termcolor v1.4.1
    Checking glob v0.3.3
    Checking wait-timeout v0.2.1
    Checking toml v1.1.3+spec-1.1.0
    Checking quick-error v1.2.3
    Checking rand_xorshift v0.4.0
    Checking rand v0.9.5
    Checking rusty-fork v0.3.1
    Checking unarray v0.1.4
   Compiling wasm-bindgen-shared v0.2.125
    Checking unicode-ident v1.0.24
   Compiling wasm-bindgen-macro-support v0.2.125
    Checking block-buffer v0.12.1
    Checking crypto-common v0.2.2
    Checking trybuild v1.0.118
    Checking clap v4.6.1
    Checking digest v0.11.3
    Checking toml_edit v0.22.27
    Checking sha1 v0.11.0
    Checking ahash v0.8.12
    Checking ppv-lite86 v0.2.21
    Checking tungstenite v0.30.0
    Checking referencing v0.46.5
    Checking rand_chacha v0.9.0
    Checking proptest v1.11.0
    Checking regex v1.12.4
    Checking fancy-regex v0.18.0
    Checking jsonschema v0.46.5
    Checking toml v0.8.23
   Compiling wasm-bindgen-macro v0.2.125
    Checking wasm-bindgen v0.2.125
   Compiling zstd-safe v7.2.4
   Compiling zstd v0.13.3
   Compiling beamr v0.16.0
    Checking liminal-ts-wasm v0.3.0 (/Users/annabel/Developer/ablative/stack/liminal/.worktrees/teardown-fix/sdks/liminal-ts/wasm-src)
    Checking cranelift-native v0.131.2
    Checking cranelift-module v0.131.2
    Checking cranelift-frontend v0.131.2
    Checking cranelift-jit v0.131.2
    Checking haematite v0.6.2
    Checking liminal-rs v0.3.2 (/Users/annabel/Developer/ablative/stack/liminal/.worktrees/teardown-fix/crates/liminal)
    Checking liminal-sdk v0.3.2 (/Users/annabel/Developer/ablative/stack/liminal/.worktrees/teardown-fix/crates/liminal-sdk)
    Checking liminal-server v0.3.2 (/Users/annabel/Developer/ablative/stack/liminal/.worktrees/teardown-fix/crates/liminal-server)
error: these match arms have identical bodies
   --> crates/liminal-sdk/src/remote/tcp/push_client.rs:419:17
    |
419 |                 Ok(0) => break,
    |                 ^^^^^^^^^^^^^^
420 |                 Ok(_) => {}
421 |                 Err(_) => break,
    |                 ^^^^^^^^^^^^^^^
    |
    = help: if this is unintentional make the arms return different values
    = help: for further information visit https://rust-lang.github.io/rust-clippy/rust-1.94.0/index.html#match_same_arms
    = note: `-D clippy::match-same-arms` implied by `-D clippy::pedantic`
    = help: to override `-D clippy::pedantic` add `#[allow(clippy::match_same_arms)]`
help: otherwise merge the patterns into a single arm
    |
419 ~                 Ok(0) | Err(_) => break,
420 |                 Ok(_) => {}
421 ~                 }
    |

error: could not compile `liminal-sdk` (lib) due to 1 previous error
warning: build failed, waiting for other jobs to finish...
error: could not compile `liminal-sdk` (lib test) due to 1 previous error
