
running 427 tests
....................................................................................... 87/427
....................................................................................... 174/427
....................................................................................... 261/427
....................................................................................... 348/427
...............................................................................
test result: ok. 427 passed; 0 failed; 0 ignored; 0 measured; 0 filtered out; finished in 0.06s


running 25 tests
.........................
test result: ok. 25 passed; 0 failed; 0 ignored; 0 measured; 0 filtered out; finished in 0.00s


running 19 tests
...................
test result: ok. 19 passed; 0 failed; 0 ignored; 0 measured; 0 filtered out; finished in 0.00s


running 9 tests
.........
test result: ok. 9 passed; 0 failed; 0 ignored; 0 measured; 0 filtered out; finished in 1.14s


running 5 tests
.....
test result: ok. 5 passed; 0 failed; 0 ignored; 0 measured; 0 filtered out; finished in 0.00s


running 6 tests
......
test result: ok. 6 passed; 0 failed; 0 ignored; 0 measured; 0 filtered out; finished in 0.00s


running 5 tests
.....
test result: ok. 5 passed; 0 failed; 0 ignored; 0 measured; 0 filtered out; finished in 0.00s


running 3 tests
...
test result: ok. 3 passed; 0 failed; 0 ignored; 0 measured; 0 filtered out; finished in 0.02s


running 336 tests
....................................................................................... 87/336
....................................................................................... 174/336
....................................................................................... 261/336
...........................................................................
test result: ok. 336 passed; 0 failed; 0 ignored; 0 measured; 0 filtered out; finished in 0.74s


running 5 tests
.....
test result: ok. 5 passed; 0 failed; 0 ignored; 0 measured; 0 filtered out; finished in 0.00s


running 8 tests
........
test result: ok. 8 passed; 0 failed; 0 ignored; 0 measured; 0 filtered out; finished in 0.00s


running 6 tests
......
test result: ok. 6 passed; 0 failed; 0 ignored; 0 measured; 0 filtered out; finished in 0.00s


running 7 tests
.......
test result: ok. 7 passed; 0 failed; 0 ignored; 0 measured; 0 filtered out; finished in 0.21s


running 2 tests
..
test result: ok. 2 passed; 0 failed; 0 ignored; 0 measured; 0 filtered out; finished in 0.33s


running 7 tests
.......
test result: ok. 7 passed; 0 failed; 0 ignored; 0 measured; 0 filtered out; finished in 0.00s


running 9 tests
.........
test result: ok. 9 passed; 0 failed; 0 ignored; 0 measured; 0 filtered out; finished in 0.00s


running 49 tests
.................................................
test result: ok. 49 passed; 0 failed; 0 ignored; 0 measured; 0 filtered out; finished in 0.51s


running 1 test
.
test result: ok. 1 passed; 0 failed; 0 ignored; 0 measured; 0 filtered out; finished in 0.00s


running 1 test
.
test result: ok. 1 passed; 0 failed; 0 ignored; 0 measured; 0 filtered out; finished in 0.00s


running 10 tests
..........
test result: ok. 10 passed; 0 failed; 0 ignored; 0 measured; 0 filtered out; finished in 0.00s


running 13 tests
.............
test result: ok. 13 passed; 0 failed; 0 ignored; 0 measured; 0 filtered out; finished in 0.00s


running 19 tests
...................
test result: ok. 19 passed; 0 failed; 0 ignored; 0 measured; 0 filtered out; finished in 0.00s


running 18 tests
..................
test result: ok. 18 passed; 0 failed; 0 ignored; 0 measured; 0 filtered out; finished in 5.00s


running 563 tests
....................................................................................... 87/563
....................................................................................... 174/563
....................................................................................... 261/563
....................................................................................... 348/563
....................................................................................... 435/563
...........................................   Compiling libc v0.2.186
   Compiling proc-macro2 v1.0.106
   Compiling unicode-ident v1.0.24
   Compiling quote v1.0.45
    Checking equivalent v1.0.2
    Checking cfg-if v1.0.4
    Checking allocator-api2 v0.2.21
   Compiling find-msvc-tools v0.1.9
   Compiling shlex v2.0.1
    Checking smallvec v1.15.2
    Checking foldhash v0.2.0
   Compiling pkg-config v0.3.33
   Compiling serde_core v1.0.228
   Compiling cranelift-srcgen v0.131.2
   Compiling libm v0.2.16
    Checking stable_deref_trait v1.2.1
   Compiling wasmtime-internal-core v44.0.2
   Compiling heck v0.5.0
.   Compiling autocfg v1.5.1
    Checking hashbrown v0.17.1
   Compiling cranelift-assembler-x64-meta v0.131.2
   Compiling serde v1.0.228
    Checking log v0.4.32
    Checking hashbrown v0.16.1
.   Compiling cranelift-isle v0.131.2
   Compiling zstd-safe v7.2.4
   Compiling cranelift-codegen-shared v0.131.2
    Checking once_cell v1.21.4
    Checking memchr v2.8.2
.   Compiling target-lexicon v0.13.5
   Compiling num-traits v0.2.19
   Compiling crossbeam-utils v0.8.21
.    Checking indexmap v2.14.0
    Checking bumpalo v3.20.3
    Checking arbitrary v1.4.2
   Compiling getrandom v0.4.2
   Compiling parking_lot_core v0.9.12
    Checking rustc-hash v2.1.2
    Checking rand_core v0.10.1
    Checking fnv v1.0.7
    Checking regalloc2 v0.15.1
    Checking litemap v0.8.2
   Compiling cranelift-codegen-meta v0.131.2
   Compiling zmij v1.0.21
    Checking gimli v0.33.0
    Checking cranelift-control v0.131.2
    Checking scopeguard v1.2.0
    Checking writeable v0.6.3
   Compiling syn v2.0.117
    Checking itoa v1.0.18
   Compiling jobserver v0.1.34
   Compiling cranelift-assembler-x64 v0.131.2
    Checking errno v0.3.14
    Checking lock_api v0.4.14
   Compiling icu_properties_data v2.2.0
   Compiling cc v1.2.64
   Compiling serde_json v1.0.150
   Compiling anyhow v1.0.102
    Checking utf8_iter v1.0.4
   Compiling icu_normalizer_data v2.2.0
.....    Checking cranelift-bitset v0.131.2
   Compiling crc32fast v1.5.0
    Checking cranelift-entity v0.131.2
....    Checking cranelift-bforest v0.131.2
.    Checking bytes v1.11.1
..    Checking num-integer v0.1.46
   Compiling version_check v0.9.5
.    Checking typenum v1.20.1
..   Compiling rustix v1.1.4
.   Compiling getrandom v0.3.4
   Compiling zerocopy v0.8.52
   Compiling ref-cast v1.0.25
   Compiling camino v1.2.2
   Compiling ahash v0.8.12
    Checking num-bigint v0.4.6
.    Checking mach2 v0.4.3
   Compiling zstd-sys v2.0.16+zstd.1.5.7
    Checking chacha20 v0.10.0
    Checking hybrid-array v0.4.13
    Checking. aho-corasick v1.1.4
    Checking bitflags v2.13.0
    Checking adler2 v2.0.1
..    Checking bitflags v1.3.2
.    Checking pin-project-lite v0.2.17
    Checking regex-syntax v0.8.11
    Checking simd-adler32 v0.3.9
    Checking num-rational v0.4.2
   Compiling cranelift-codegen v0.131.2
    Checking rand v0.10.2
    Checking region v3.0.2
   Compiling blake3 v1.8.5
.    Checking miniz_oxide v0.8.9
.    Checking num-iter v0.1.45
    Checking crossbeam-epoch v0.9.18
    Checking num-complex v0.4.6
    Checking wasmtime-internal-jit-icache-coherence v44.0.2
    Checking mio v1.2.1
    Checking socket2 v0.6.4
    Checking borrow-or-share v0.2.4
    Checking foldhash v0.1.5
   Compiling unicode-general-category v1.1.0
.   Compiling synstructure v0.13.2
..    Checking. hashbrown v0.14.5
    Checking bit-vec v0.8.0
    Checking. ecow v0.2.6
..   Compiling. thiserror v2.0.18
    Checking hashbrown v0.15.5
    Checking bit-set v0.8.0
    Checking num v0.4.3
..    Checking crossbeam-deque v0.8.6
..    Checking block-buffer v0.12.1
    Checking dashmap v6.2.1
    Checking flate2 v1.1.9
..    Checking crypto-common v0.2.2
    Checking parking_lot v0.12.5
    Checking crossbeam-queue v0.3.12
    Checking crossbeam-channel v0.5.15
    Checking gleam-types v0.4.3
.    Checking num_cpus v1.17.0
    Checking lazy_static v1.5.0
    Checking percent-encoding v2.3.2
    Checking fastrand v2.4.1
    Checking regex-automata v0.4.14
   Compiling httparse v1.10.1
    Checking core-foundation-sys v0.8.7
    Checking micromap v0.3.0
    Checking base64 v0.22.1
    Checking utf8parse v0.2.2
    Checking web-time v1.1.0
    Checking unicode-segmentation v1.13.3
    Checking const-oid v0.10.2
    Checking outref v0.5.2
    Checking arrayvec v0.7.7
    Checking constant_time_eq v0.4.2
    Checking md5 v0.8.0
    Checking data-encoding v2.11.0
   Compiling zerofrom-derive v0.1.7
   Compiling yoke-derive v0.8.2
   Compiling zerovec-derive v0.11.3
   Compiling serde_derive v1.0.228
   Compiling displaydoc v0.2.6
   Compiling ref-cast-impl v1.0.25
   Compiling tokio-macros v2.7.0
   Compiling thiserror-impl v2.0.18
    Checking vsimd v0.8.0
.    Checking arrayref v0.3.9
. 522/563
    Checking uuid-simd v0.8.0
.    Checking tokio v1.52.3
    Checking digest v0.11.3
    Checking tempfile v3.27.0
   Compiling tracing-attributes v0.1.31
.    Checking iana-time-zone v0.1.65
    Checking anstyle-parse v1.0.0
.    Checking fraction v0.15.4
.    Checking lru v0.12.5
    Checking cpufeatures v0.3.0
    Checking tracing-core v0.1.36
    Checking num-cmp v0.1.0
    Checking bytecount v0.6.9
    Checking zerofrom v0.1.8
    Checking anstyle v1.0.14
    Checking anstyle-query v1.1.5
    Checking is_terminal_polyfill v1.70.2
    Checking colorchoice v1.0.5
    Checking sha1 v0.11.0
.    Checking chrono v0.4.45
   Compiling async-trait v0.1.89
    Checking anstream v1.0.0
    Checking yoke v0.8.3
    Checking http v1.4.2
    Checking uuid v1.23.3
    Checking strsim v0.11.1
    Checking clap_lex v1.1.0
   Compiling signal-hook v0.3.18
    Checking zerovec v0.11.6
    Checking zerotrie v0.2.4
    Checking toml_write v0.1.2
    Checking tracing v0.1.44
    Checking regex v1.12.4
    Checking fancy-regex v0.18.0
    Checking winnow v0.7.15
    Checking tungstenite v0.30.0
    Checking clap_builder v4.6.0
   Compiling clap_derive v4.6.1
    Checking signal-hook-registry v1.4.8
...    Checking liminal-protocol v0.3.1 (/Users/annabel/Developer/ablative/stack/liminal/.worktrees/teardown-fix/crates/liminal-protocol)
    Checking spin v0.9.8
    Checking futures-core v0.3.32
    Checking tinystr v0.8.3
    Checking potential_utf v0.1.5
    Checking icu_locale_core v2.2.0
    Checking icu_collections v2.2.0
............    Checking icu_provider v2.2.0
    Checking fluent-uri v0.4.1
....    Checking email_address v0.2.9
    Checking icu_properties v2.2.0
    Checking icu_normalizer v2.2.0
    Checking serde_spanned v0.6.9
.    Checking toml_datetime v0.6.11
    Checking clap v4.6.1
    Checking referencing v0.46.5
    Checking toml_edit v0.22.27
    Checking idna_adapter v1.2.2
    Checking idna v1.1.0
.    Checking toml v0.8.23
..   Compiling zstd v0.13.3
   Compiling beamr v0.16.0
test server::participant::incarnation_stream_tests::cold_replay_crosses_bounded_pages_without_polling has been running for over 60 seconds
........    Checking jsonschema v0.46.5
..test server::participant::production::tests_w1a::leave_projection_has_one_surviving_producer_and_duplicate_injection_refuses has been running for over 60 seconds
test server::participant::production::tests_w1b_connection_fate::process_killed_has_no_production_participant_binding_emitter has been running for over 60 seconds
    Checking cranelift-native v0.131.2
    Checking cranelift-module v0.131.2
    Checking cranelift-frontend v0.131.2
    Checking cranelift-jit v0.131.2
    Checking haematite v0.6.2
test server::participant::production::tests_w1b_substrate::fenced_attach_linearity_ui_contract has been running for over 60 seconds
    Checking liminal-rs v0.3.2 (/Users/annabel/Developer/ablative/stack/liminal/.worktrees/teardown-fix/crates/liminal)
    Checking liminal-sdk v0.3.2 (/Users/annabel/Developer/ablative/stack/liminal/.worktrees/teardown-fix/crates/liminal-sdk)
    Checking liminal-server v0.3.2 (/Users/annabel/Developer/ablative/stack/liminal/.worktrees/teardown-fix/crates/liminal-server)
    Checking liminal-server-tests v0.0.0 (/Users/annabel/Developer/ablative/stack/liminal/.worktrees/teardown-fix/target/tests/trybuild/liminal-server)
    Finished `dev` profile [unoptimized + debuginfo] target(s) in 1m 23s


test [0m[1mtests/trybuild/plain_leave_projection_removed.rs[0m ... [0m[32mok
[0m

.    Checking liminal-server-tests v0.0.0 (/Users/annabel/Developer/ablative/stack/liminal/.worktrees/teardown-fix/target/tests/trybuild/liminal-server)
    Finished `dev` profile [unoptimized + debuginfo] target(s) in 0.11s


test [0m[1mtests/trybuild/production_connection_fate_cannot_select_process_killed.rs[0m ... [0m[32mok
[0m

.   Compiling equivalent v1.0.2
   Compiling cfg-if v1.0.4
   Compiling allocator-api2 v0.2.21
   Compiling smallvec v1.15.2
   Compiling foldhash v0.2.0
   Compiling stable_deref_trait v1.2.1
   Compiling libc v0.2.186
   Compiling hashbrown v0.17.1
   Compiling serde_core v1.0.228
   Compiling libm v0.2.16
   Compiling log v0.4.32
   Compiling memchr v2.8.2
   Compiling num-traits v0.2.19
   Compiling once_cell v1.21.4
   Compiling zerofrom v0.1.8
   Compiling arbitrary v1.4.2
   Compiling rand_core v0.10.1
   Compiling fnv v1.0.7
   Compiling rustc-hash v2.1.2
   Compiling target-lexicon v0.13.5
   Compiling cranelift-assembler-x64 v0.131.2
   Compiling crossbeam-utils v0.8.21
   Compiling yoke v0.8.3
   Compiling cranelift-codegen-shared v0.131.2
   Compiling itoa v1.0.18
   Compiling scopeguard v1.2.0
   Compiling litemap v0.8.2
   Compiling writeable v0.6.3
   Compiling utf8_iter v1.0.4
   Compiling zerovec v0.11.6
   Compiling zerotrie v0.2.4
   Compiling lock_api v0.4.14
   Compiling zmij v1.0.21
   Compiling typenum v1.20.1
   Compiling bytes v1.11.1
   Compiling icu_properties_data v2.2.0
   Compiling icu_normalizer_data v2.2.0
   Compiling anyhow v1.0.102
   Compiling zstd-sys v2.0.16+zstd.1.5.7
   Compiling chacha20 v0.10.0
   Compiling bitflags v2.13.0
   Compiling simd-adler32 v0.3.9
   Compiling adler2 v2.0.1
   Compiling pin-project-lite v0.2.17
   Compiling regex-syntax v0.8.11
   Compiling hashbrown v0.16.1
   Compiling bumpalo v3.20.3
   Compiling bitflags v1.3.2
   Compiling miniz_oxide v0.8.9
   Compiling zstd-safe v7.2.4
   Compiling ref-cast v1.0.25
   Compiling aho-corasick v1.1.4
   Compiling camino v1.2.2
   Compiling zerocopy v0.8.52
   Compiling crossbeam-epoch v0.9.18
   Compiling getrandom v0.4.2
   Compiling errno v0.3.14
   Compiling parking_lot_core v0.9.12
   Compiling mach2 v0.4.3
   Compiling rustix v1.1.4
   Compiling rand v0.10.2
   Compiling indexmap v2.14.0
   Compiling tinystr v0.8.3
   Compiling regalloc2 v0.15.1
   Compiling potential_utf v0.1.5
   Compiling icu_locale_core v2.2.0
   Compiling num-integer v0.1.46
   Compiling icu_collections v2.2.0
   Compiling region v3.0.2
   Compiling num-complex v0.4.6
   Compiling num-bigint v0.4.6
   Compiling num-iter v0.1.45
   Compiling cranelift-control v0.131.2
   Compiling getrandom v0.3.4
   Compiling socket2 v0.6.4
   Compiling mio v1.2.1
   Compiling crc32fast v1.5.0
   Compiling bit-vec v0.8.0
   Compiling borrow-or-share v0.2.4
   Compiling hashbrown v0.14.5
   Compiling hybrid-array v0.4.13
   Compiling wasmtime-internal-core v44.0.2
   Compiling foldhash v0.1.5
   Compiling ecow v0.2.6
   Compiling tokio v1.52.3
   Compiling hashbrown v0.15.5
   Compiling gleam-types v0.4.3
   Compiling bit-set v0.8.0
   Compiling flate2 v1.1.9
   Compiling gimli v0.33.0
   Compiling parking_lot v0.12.5
   Compiling crossbeam-deque v0.8.6
   Compiling cranelift-bitset v0.131.2
   Compiling wasmtime-internal-jit-icache-coherence v44.0.2
   Compiling cranelift-entity v0.131.2
   Compiling num_cpus v1.17.0
   Compiling dashmap v6.2.1
   Compiling crossbeam-channel v0.5.15
   Compiling crossbeam-queue v0.3.12
   Compiling crypto-common v0.2.2
   Compiling block-buffer v0.12.1
   Compiling zstd v0.13.3
   Compiling cranelift-bforest v0.131.2
   Compiling fastrand v2.4.1
   Compiling icu_provider v2.2.0
   Compiling utf8parse v0.2.2
   Compiling unicode-segmentation v1.13.3
   Compiling md5 v0.8.0
   Compiling icu_properties v2.2.0
   Compiling icu_normalizer v2.2.0
   Compiling vsimd v0.8.0
   Compiling const-oid v0.10.2
   Compiling constant_time_eq v0.4.2
   Compiling outref v0.5.2
   Compiling web-time v1.1.0
   Compiling arrayvec v0.7.7
   Compiling lazy_static v1.5.0
   Compiling percent-encoding v2.3.2
   Compiling core-foundation-sys v0.8.7
   Compiling data-encoding v2.11.0
   Compiling base64 v0.22.1
   Compiling micromap v0.3.0
   Compiling arrayref v0.3.9
   Compiling iana-time-zone v0.1.65
   Compiling blake3 v1.8.5
   Compiling num-rational v0.4.2
   Compiling uuid-simd v0.8.0
   Compiling lru v0.12.5
   Compiling anstyle-parse v1.0.0
   Compiling thiserror v2.0.18
   Compiling unicode-general-category v1.1.0
   Compiling cpufeatures v0.3.0
   Compiling tracing-core v0.1.36
   Compiling is_terminal_polyfill v1.70.2
   Compiling bytecount v0.6.9
   Compiling anstyle-query v1.1.5
   Compiling anstyle v1.0.14
   Compiling num-cmp v0.1.0
   Compiling colorchoice v1.0.5
   Compiling num v0.4.3
   Compiling fraction v0.15.4
   Compiling digest v0.11.3
   Compiling anstream v1.0.0
   Compiling sha1 v0.11.0
   Compiling chrono v0.4.45
   Compiling tempfile v3.27.0
   Compiling httparse v1.10.1
   Compiling tracing v0.1.44
   Compiling http v1.4.2
   Compiling regex-automata v0.4.14
   Compiling uuid v1.23.3
   Compiling strsim v0.11.1
   Compiling clap_lex v1.1.0
   Compiling toml_write v0.1.2
   Compiling winnow v0.7.15
   Compiling clap_builder v4.6.0
   Compiling signal-hook-registry v1.4.8
   Compiling liminal-protocol v0.3.1 (/Users/annabel/Developer/ablative/stack/liminal/.worktrees/teardown-fix/crates/liminal-protocol)
   Compiling signal-hook v0.3.18
   Compiling futures-core v0.3.32
   Compiling spin v0.9.8
   Compiling serde v1.0.228
   Compiling serde_json v1.0.150
   Compiling idna_adapter v1.2.2
   Compiling idna v1.1.0
   Compiling tungstenite v0.30.0
   Compiling fluent-uri v0.4.1
   Compiling email_address v0.2.9
   Compiling toml_datetime v0.6.11
   Compiling serde_spanned v0.6.9
   Compiling toml_edit v0.22.27
   Compiling ahash v0.8.12
   Compiling referencing v0.46.5
   Compiling clap v4.6.1
   Compiling fancy-regex v0.18.0
   Compiling regex v1.12.4
   Compiling jsonschema v0.46.5
   Compiling toml v0.8.23
   Compiling cranelift-codegen v0.131.2
   Compiling cranelift-module v0.131.2
   Compiling cranelift-native v0.131.2
   Compiling cranelift-frontend v0.131.2
   Compiling cranelift-jit v0.131.2
   Compiling beamr v0.16.0
   Compiling haematite v0.6.2
   Compiling liminal-rs v0.3.2 (/Users/annabel/Developer/ablative/stack/liminal/.worktrees/teardown-fix/crates/liminal)
   Compiling liminal-server v0.3.2 (/Users/annabel/Developer/ablative/stack/liminal/.worktrees/teardown-fix/crates/liminal-server)
   Compiling liminal-sdk v0.3.2 (/Users/annabel/Developer/ablative/stack/liminal/.worktrees/teardown-fix/crates/liminal-sdk)
   Compiling liminal-server-tests v0.0.0 (/Users/annabel/Developer/ablative/stack/liminal/.worktrees/teardown-fix/target/tests/trybuild/liminal-server)
    Finished `dev` profile [unoptimized + debuginfo] target(s) in 1m 01s
