   Compiling liminal-server v0.3.2 (/Users/annabel/Developer/ablative/stack/liminal/.worktrees/teardown-fix/crates/liminal-server)
    Finished `test` profile [unoptimized + debuginfo] target(s) in 9.77s
     Running unittests src/lib.rs (target/debug/deps/liminal_server-e51de38dd69d7bf0)

running 1 test
PRODUCED conv=b12e sender=Some(0) states=[(0, "Bound")]
PRODUCED conv=b12e sender=Some(0) states=[(0, "Bound")]
PRODUCED conv=b12e sender=Some(1) states=[(0, "Bound"), (1, "Bound")]
PRODUCED conv=b12e sender=Some(0) states=[(0, "Bound")]
PRODUCED conv=b12e sender=Some(1) states=[(0, "Bound"), (1, "Bound")]
PRODUCED conv=b12e sender=Some(1) states=[(0, "Bound"), (1, "Bound")]
PRODUCED conv=b12e sender=Some(0) states=[(0, "Bound")]
PRODUCED conv=b12e sender=Some(1) states=[(0, "Bound"), (1, "Bound")]
PRODUCED conv=b12e sender=Some(1) states=[(0, "Bound"), (1, "Bound")]
PRODUCED conv=b12e sender=Some(1) states=[(0, "Bound"), (1, "Bound")]
PRODUCED conv=b12e sender=Some(0) states=[(0, "Bound")]
PRODUCED conv=b12e sender=Some(1) states=[(0, "Bound"), (1, "Bound")]
PRODUCED conv=b12e sender=Some(1) states=[(0, "Bound"), (1, "Bound")]
PRODUCED conv=b12e sender=Some(1) states=[(0, "Bound"), (1, "Bound")]
PRODUCED conv=b12e sender=Some(0) states=[(0, "Bound"), (1, "Bound")]
PRODUCED conv=b12e sender=Some(0) states=[(0, "Bound")]
PRODUCED conv=b12e sender=Some(1) states=[(0, "Bound"), (1, "Bound")]
PRODUCED conv=b12e sender=Some(1) states=[(0, "Bound"), (1, "Bound")]
PRODUCED conv=b12e sender=Some(1) states=[(0, "Bound"), (1, "Bound")]
PRODUCED conv=b12e sender=Some(0) states=[(0, "Bound"), (1, "Bound")]
PRODUCED conv=b12e sender=Some(0) states=[(0, "Bound")]
PRODUCED conv=b12e sender=Some(1) states=[(0, "Bound"), (1, "Bound")]
PRODUCED conv=b12e sender=Some(1) states=[(0, "Bound"), (1, "Bound")]
PRODUCED conv=b12e sender=Some(1) states=[(0, "Bound"), (1, "Bound")]
PRODUCED conv=b12e sender=Some(0) states=[(0, "Bound"), (1, "Bound")]
PRODUCED conv=b12e sender=Some(0) states=[(0, "Bound"), (1, "Bound")]
PRODUCED conv=b12e sender=Some(0) states=[(0, "Bound")]
PRODUCED conv=b12e sender=Some(1) states=[(0, "Bound"), (1, "Bound")]
PRODUCED conv=b12e sender=Some(1) states=[(0, "Bound"), (1, "Bound")]
PRODUCED conv=b12e sender=Some(1) states=[(0, "Bound"), (1, "Bound")]
PRODUCED conv=b12e sender=Some(0) states=[(0, "Bound"), (1, "Bound")]
PRODUCED conv=b12e sender=Some(0) states=[(0, "Bound"), (1, "Bound")]
PRODUCED conv=b12e sender=Some(0) states=[(0, "Bound")]
PRODUCED conv=b12e sender=Some(1) states=[(0, "Bound"), (1, "Bound")]
PRODUCED conv=b12e sender=Some(1) states=[(0, "Bound"), (1, "Bound")]
PRODUCED conv=b12e sender=Some(1) states=[(0, "Bound"), (1, "Bound")]
PRODUCED conv=b12e sender=Some(0) states=[(0, "Bound"), (1, "Bound")]
PRODUCED conv=b12e sender=Some(0) states=[(0, "Bound"), (1, "Bound")]
Error: "connection closed before a complete frame arrived"
test server::participant::production::tests_w1b_while_dead_replay::while_dead_publish_reaches_resumed_replay ... FAILED

failures:

failures:
    server::participant::production::tests_w1b_while_dead_replay::while_dead_publish_reaches_resumed_replay

test result: FAILED. 0 passed; 1 failed; 0 ignored; 0 measured; 563 filtered out; finished in 2.83s

error: test failed, to rerun pass `-p liminal-server --lib`
