   Compiling liminal-server v0.3.2 (/Users/annabel/Developer/ablative/stack/liminal/.worktrees/teardown-fix/crates/liminal-server)
warning: unused imports: `ParticipantRecord` and `ServerPush`
  --> crates/liminal-server/src/server/participant/production/tests_w1b_while_dead_replay.rs:20:33
   |
20 |     Generation, ParticipantAck, ParticipantRecord, RecordAdmission, RecordAdmissionAttemptToken,
   |                                 ^^^^^^^^^^^^^^^^^
21 |     ServerPush, ServerValue,
   |     ^^^^^^^^^^
   |
   = note: `#[warn(unused_imports)]` (part of `#[warn(unused)]`) on by default

warning: unused import: `SocketPeer`
  --> crates/liminal-server/src/server/participant/production/tests_w1b_while_dead_replay.rs:24:39
   |
24 | use super::e2e_tests::{SocketFixture, SocketPeer};
   |                                       ^^^^^^^^^^

warning: `liminal-server` (lib test) generated 2 warnings (run `cargo fix --lib -p liminal-server --tests` to apply 2 suggestions)
    Finished `test` profile [unoptimized + debuginfo] target(s) in 10.77s
     Running unittests src/lib.rs (target/debug/deps/liminal_server-e51de38dd69d7bf0)

running 1 test
PUSH e1: ParticipantDelivery(ParticipantDelivery { conversation_id: 45358, delivery_seq: 6, record: OrdinaryRecord { sender_participant_id: 0, payload: [1] } })
ACK e1: AckCommitted(AckCommitted { request: ParticipantAckEnvelope { conversation_id: 45358, participant_id: 1, capability_generation: Generation(2), through_seq: 6 } })
PUSH e2: ParticipantDelivery(ParticipantDelivery { conversation_id: 45358, delivery_seq: 7, record: OrdinaryRecord { sender_participant_id: 0, payload: [2] } })
E3 RESULT: RecordCommitted(RecordCommitted { request: RecordAdmissionEnvelope { conversation_id: 45358, participant_id: 0, capability_generation: Generation(1), record_admission_attempt_token: RecordAdmissionAttemptToken([7, 7, 7, 7, 7, 7, 7, 7, 7, 7, 7, 7, 7, 7, 7, 7]) }, delivery_seq: 8 })
SUB OUTBOX FACTS after e3: OutboxOwnerFacts { ack_through: 6, next_live_obligation: Some(7), live_record_count: 7, source_batch_count: 8, charged_bytes: 409 }
REATTACH: AttachBound(AttachBound { conversation_id: 45358, token: AttachAttemptToken([8, 8, 8, 8, 8, 8, 8, 8, 8, 8, 8, 8, 8, 8, 8, 8]), participant_id: 1, request_generation: Generation(2), attach_secret: AttachSecret([29, 231, 79, 223, 177, 230, 125, 224, 165, 22, 219, 90, 230, 59, 203, 141, 0, 38, 113, 14, 40, 55, 170, 204, 182, 88, 130, 132, 162, 161, 57, 106]), origin_binding_epoch: BindingEpoch { connection_incarnation: ConnectionIncarnation { server_incarnation: 1, connection_ordinal: 2 }, capability_generation: Generation(3) }, persisted_cursor: 6, accepted_marker_delivery_seq: None, receipt_expires_at: 1784763763557, provenance_expires_at: 1784764303557 })
REPLAY push 1: Ok(ParticipantDelivery(ParticipantDelivery { conversation_id: 45358, delivery_seq: 7, record: OrdinaryRecord { sender_participant_id: 0, payload: [2] } }))
REPLAY push 2: Ok(ParticipantDelivery(ParticipantDelivery { conversation_id: 45358, delivery_seq: 8, record: OrdinaryRecord { sender_participant_id: 0, payload: [3] } }))
test server::participant::production::tests_w1b_while_dead_replay::while_dead_publish_reaches_resumed_replay ... ok

test result: ok. 1 passed; 0 failed; 0 ignored; 0 measured; 563 filtered out; finished in 3.47s

