   Compiling liminal-server v0.3.2 (/Users/annabel/Developer/ablative/stack/liminal/.worktrees/teardown-fix/crates/liminal-server)
    Finished `test` profile [unoptimized + debuginfo] target(s) in 7.97s
     Running unittests src/lib.rs (target/debug/deps/liminal_server-e51de38dd69d7bf0)

running 1 test
test server::participant::production::tests_w1b_while_dead_replay::while_dead_publish_reaches_resumed_replay ... FAILED

failures:

---- server::participant::production::tests_w1b_while_dead_replay::while_dead_publish_reaches_resumed_replay stdout ----

thread 'server::participant::production::tests_w1b_while_dead_replay::while_dead_publish_reaches_resumed_replay' (31707850) panicked at crates/liminal-server/src/server/participant/production/tests_w1b_while_dead_replay.rs:168:5:
assertion `left == right` failed: resumed replay must redeliver exactly (e2=7, e3=9) in order; a missing e3 is the while-dead publish lost from the resumed session
  left: [7]
 right: [7, 9]
note: run with `RUST_BACKTRACE=1` environment variable to display a backtrace


failures:
    server::participant::production::tests_w1b_while_dead_replay::while_dead_publish_reaches_resumed_replay

test result: FAILED. 0 passed; 1 failed; 0 ignored; 0 measured; 563 filtered out; finished in 13.66s

error: test failed, to rerun pass `-p liminal-server --lib`
    Finished `test` profile [unoptimized + debuginfo] target(s) in 0.08s
     Running unittests src/lib.rs (target/debug/deps/liminal_server-e51de38dd69d7bf0)

running 1 test
test server::participant::production::tests_w1b_while_dead_replay::while_dead_publish_reaches_resumed_replay ... FAILED

failures:

---- server::participant::production::tests_w1b_while_dead_replay::while_dead_publish_reaches_resumed_replay stdout ----

thread 'server::participant::production::tests_w1b_while_dead_replay::while_dead_publish_reaches_resumed_replay' (31708406) panicked at crates/liminal-server/src/server/participant/production/tests_w1b_while_dead_replay.rs:168:5:
assertion `left == right` failed: resumed replay must redeliver exactly (e2=7, e3=9) in order; a missing e3 is the while-dead publish lost from the resumed session
  left: [7]
 right: [7, 9]
note: run with `RUST_BACKTRACE=1` environment variable to display a backtrace


failures:
    server::participant::production::tests_w1b_while_dead_replay::while_dead_publish_reaches_resumed_replay

test result: FAILED. 0 passed; 1 failed; 0 ignored; 0 measured; 563 filtered out; finished in 14.97s

error: test failed, to rerun pass `-p liminal-server --lib`
    Finished `test` profile [unoptimized + debuginfo] target(s) in 0.08s
     Running unittests src/lib.rs (target/debug/deps/liminal_server-e51de38dd69d7bf0)

running 1 test
test server::participant::production::tests_w1b_while_dead_replay::while_dead_publish_reaches_resumed_replay ... FAILED

failures:

---- server::participant::production::tests_w1b_while_dead_replay::while_dead_publish_reaches_resumed_replay stdout ----

thread 'server::participant::production::tests_w1b_while_dead_replay::while_dead_publish_reaches_resumed_replay' (31709040) panicked at crates/liminal-server/src/server/participant/production/tests_w1b_while_dead_replay.rs:168:5:
assertion `left == right` failed: resumed replay must redeliver exactly (e2=7, e3=9) in order; a missing e3 is the while-dead publish lost from the resumed session
  left: [7]
 right: [7, 9]
note: run with `RUST_BACKTRACE=1` environment variable to display a backtrace


failures:
    server::participant::production::tests_w1b_while_dead_replay::while_dead_publish_reaches_resumed_replay

test result: FAILED. 0 passed; 1 failed; 0 ignored; 0 measured; 563 filtered out; finished in 15.36s

error: test failed, to rerun pass `-p liminal-server --lib`
    Finished `test` profile [unoptimized + debuginfo] target(s) in 0.08s
     Running unittests src/lib.rs (target/debug/deps/liminal_server-e51de38dd69d7bf0)

running 1 test
test server::participant::production::tests_w1b_while_dead_replay::while_dead_publish_reaches_resumed_replay ... FAILED

failures:

---- server::participant::production::tests_w1b_while_dead_replay::while_dead_publish_reaches_resumed_replay stdout ----

thread 'server::participant::production::tests_w1b_while_dead_replay::while_dead_publish_reaches_resumed_replay' (31709662) panicked at crates/liminal-server/src/server/participant/production/tests_w1b_while_dead_replay.rs:168:5:
assertion `left == right` failed: resumed replay must redeliver exactly (e2=7, e3=9) in order; a missing e3 is the while-dead publish lost from the resumed session
  left: [7]
 right: [7, 9]
note: run with `RUST_BACKTRACE=1` environment variable to display a backtrace


failures:
    server::participant::production::tests_w1b_while_dead_replay::while_dead_publish_reaches_resumed_replay

test result: FAILED. 0 passed; 1 failed; 0 ignored; 0 measured; 563 filtered out; finished in 14.98s

error: test failed, to rerun pass `-p liminal-server --lib`
    Finished `test` profile [unoptimized + debuginfo] target(s) in 0.08s
     Running unittests src/lib.rs (target/debug/deps/liminal_server-e51de38dd69d7bf0)

running 1 test
test server::participant::production::tests_w1b_while_dead_replay::while_dead_publish_reaches_resumed_replay ... FAILED

failures:

---- server::participant::production::tests_w1b_while_dead_replay::while_dead_publish_reaches_resumed_replay stdout ----

thread 'server::participant::production::tests_w1b_while_dead_replay::while_dead_publish_reaches_resumed_replay' (31710276) panicked at crates/liminal-server/src/server/participant/production/tests_w1b_while_dead_replay.rs:168:5:
assertion `left == right` failed: resumed replay must redeliver exactly (e2=7, e3=9) in order; a missing e3 is the while-dead publish lost from the resumed session
  left: [7]
 right: [7, 9]
note: run with `RUST_BACKTRACE=1` environment variable to display a backtrace


failures:
    server::participant::production::tests_w1b_while_dead_replay::while_dead_publish_reaches_resumed_replay

test result: FAILED. 0 passed; 1 failed; 0 ignored; 0 measured; 563 filtered out; finished in 14.22s

error: test failed, to rerun pass `-p liminal-server --lib`
